<?xml version="1.0" encoding="UTF-8"?>
<!-- Generated by org.testng.reporters.JUnitReportReporter -->
<testsuite hostname="ShivaReddy" failures="0" tests="1" name="testNGporamdemo.Annotations" time="0.010" errors="0" timestamp="2022-03-09T22:02:42 IST" skipped="0">
  <testcase classname="testNGporamdemo.Annotations" name="checktitle" time="0.010"/>
  <system-out/>
</testsuite> <!-- testNGporamdemo.Annotations -->
